[INFO] Scanning for projects...
[INFO] Inspecting build with total of 11 modules...
[INFO] Installing Nexus Staging features:
[INFO]   ... total of 2 executions of maven-deploy-plugin replaced with nexus-staging-maven-plugin
[INFO] ------------------------------------------------------------------------
[INFO] Reactor Build Order:
[INFO] 
[INFO] cyclonedx:makeAggregateBom smoke test with default configuration   [pom]
[INFO] api                                                                [jar]
[INFO] impls                                                              [pom]
[INFO] impl-A                                                             [jar]
[INFO] impl-B                                                             [jar]
[INFO] skipped                                                            [pom]
[INFO] deploy-property                                                    [jar]
[INFO] deploy-config                                                      [jar]
[INFO] nexus-property                                                     [jar]
[INFO] nexus-config                                                       [jar]
[INFO] util                                                               [jar]
[INFO] 
[INFO] -----------------< org.cyclonedx.its:makeAggregateBom >-----------------
[INFO] Building cyclonedx:makeAggregateBom smoke test with default configuration 1.0-SNAPSHOT [1/11]
[INFO]   from interpolated-pom.xml
[INFO] --------------------------------[ pom ]---------------------------------
[INFO] ------------------------------------------------------------------------
[INFO] Reactor Summary for cyclonedx:makeAggregateBom smoke test with default configuration 1.0-SNAPSHOT:
[INFO] 
[INFO] cyclonedx:makeAggregateBom smoke test with default configuration FAILURE [  0.023 s]
[INFO] api ................................................ SKIPPED
[INFO] impls .............................................. SKIPPED
[INFO] impl-A ............................................. SKIPPED
[INFO] impl-B ............................................. SKIPPED
[INFO] skipped ............................................ SKIPPED
[INFO] deploy-property .................................... SKIPPED
[INFO] deploy-config ...................................... SKIPPED
[INFO] nexus-property ..................................... SKIPPED
[INFO] nexus-config ....................................... SKIPPED
[INFO] util ............................................... SKIPPED
[INFO] ------------------------------------------------------------------------
[INFO] BUILD FAILURE
[INFO] ------------------------------------------------------------------------
[INFO] Total time:  1.251 s
[INFO] Finished at: 2023-12-12T15:50:24+02:00
[INFO] ------------------------------------------------------------------------
[ERROR] Failed to parse plugin descriptor for com.vaadin:appsec-kit-maven-plugin:3.1-SNAPSHOT (/Users/davidsosa/Projects/vaadin/appsec-kit/appsec-kit-maven-plugin/target/local-repo/com/vaadin/appsec-kit-maven-plugin/3.1-SNAPSHOT/appsec-kit-maven-plugin-3.1-SNAPSHOT.jar): No plugin descriptor found at META-INF/maven/plugin.xml -> [Help 1]
[ERROR] 
[ERROR] To see the full stack trace of the errors, re-run Maven with the -e switch.
[ERROR] Re-run Maven using the -X switch to enable full debug logging.
[ERROR] 
[ERROR] For more information about the errors and possible solutions, please read the following articles:
[ERROR] [Help 1] http://cwiki.apache.org/confluence/display/MAVEN/PluginDescriptorParsingException
Running post-build script: /Users/davidsosa/Projects/vaadin/appsec-kit/appsec-kit-maven-plugin/src/it/makeAggregateBom/verify.groovy
Assertion failed: 

assert bomFileXml.exists()
       |          |
       |          false
       /Users/davidsosa/Projects/vaadin/appsec-kit/appsec-kit-maven-plugin/src/it/makeAggregateBom/target/bom.xml

	at org.codehaus.groovy.runtime.InvokerHelper.createAssertError(InvokerHelper.java:414)
	at Script1.assertBomFiles(Script1.groovy:5)
	at org.codehaus.groovy.vmplugin.v8.IndyInterface.fromCache(IndyInterface.java:321)
	at Script1.run(Script1.groovy:26)
	at groovy.lang.GroovyShell.evaluate(GroovyShell.java:460)
	at groovy.lang.GroovyShell.evaluate(GroovyShell.java:495)
	at groovy.lang.GroovyShell.evaluate(GroovyShell.java:469)
	at org.apache.maven.shared.scriptinterpreter.GroovyScriptInterpreter.evaluateScript(GroovyScriptInterpreter.java:69)
	at org.apache.maven.shared.scriptinterpreter.ScriptRunner.executeRun(ScriptRunner.java:223)
	at org.apache.maven.shared.scriptinterpreter.ScriptRunner.run(ScriptRunner.java:160)
	at org.apache.maven.plugins.invoker.AbstractInvokerMojo.runPostBuildHook(AbstractInvokerMojo.java:1896)
	at org.apache.maven.plugins.invoker.AbstractInvokerMojo.runBuild(AbstractInvokerMojo.java:1877)
	at org.apache.maven.plugins.invoker.AbstractInvokerMojo.runBuild(AbstractInvokerMojo.java:1546)
	at org.apache.maven.plugins.invoker.AbstractInvokerMojo.lambda$runBuilds$4(AbstractInvokerMojo.java:1308)
	at org.apache.maven.plugins.invoker.JobExecutor.lambda$forEach$1(JobExecutor.java:62)
	at java.base/java.util.concurrent.FutureTask.run(FutureTask.java:264)
	at java.base/java.util.concurrent.ThreadPoolExecutor.runWorker(ThreadPoolExecutor.java:1136)
	at java.base/java.util.concurrent.ThreadPoolExecutor$Worker.run(ThreadPoolExecutor.java:635)
	at java.base/java.lang.Thread.run(Thread.java:833)
